<?xml version="1.0" encoding="UTF-8"?>
<testng-results ignored="0" total="1" passed="1" failed="0" skipped="0">
  <reporter-output>
  </reporter-output>
  <suite started-at="2021-10-13T12:30:42 IST" name="Default suite" finished-at="2021-10-13T12:31:27 IST" duration-ms="45787">
    <groups>
    </groups>
    <test started-at="2021-10-13T12:30:42 IST" name="Default test" finished-at="2021-10-13T12:31:27 IST" duration-ms="45787">
      <class name="pageobjload.LoginTestcase21">
        <test-method signature="Login()[pri:0, instance:pageobjload.LoginTestcase21@35047d03]" started-at="2021-10-13T12:30:42 IST" name="Login" finished-at="2021-10-13T12:31:27 IST" duration-ms="45632" status="PASS">
          <reporter-output>
          </reporter-output>
        </test-method> <!-- Login -->
      </class> <!-- pageobjload.LoginTestcase21 -->
    </test> <!-- Default test -->
  </suite> <!-- Default suite -->
</testng-results>
